make all --print-data-base --no-builtin-variables --no-builtin-rules --question
make: *** No rule to make target 'all'.  Stop.

# GNU Make 4.2.1
# Built for x86_64-pc-linux-gnu
# Copyright (C) 1988-2016 Free Software Foundation, Inc.
# License GPLv3+: GNU GPL version 3 or later <http://gnu.org/licenses/gpl.html>
# This is free software: you are free to change and redistribute it.
# There is NO WARRANTY, to the extent permitted by law.

# Make data base, printed on Tue Aug 23 15:26:01 2022

# Variables

# 'override' directive
GNUMAKEFLAGS := 
# automatic
<D = $(patsubst %/,%,$(dir $<))
# automatic
?F = $(notdir $?)
# environment
PAPERSIZE = letter
# environment
DESKTOP_SESSION = ubuntu
# default
.SHELLFLAGS := -c
# environment
XDG_SESSION_CLASS = user
# environment
XDG_SESSION_TYPE = x11
# environment
VSCODE_LOG_NATIVE = false
# environment
NVM_INC = /home/aekryz/.nvm/versions/node/v14.17.3/include/node
# automatic
?D = $(patsubst %/,%,$(dir $?))
# environment
GRADLE_HOME = /home/aekryz/.sdkman/candidates/gradle/current
# environment
IM_CONFIG_PHASE = 1
# automatic
@D = $(patsubst %/,%,$(dir $@))
# environment
XAUTHORITY = /run/user/1000/gdm/Xauthority
# environment
GDMSESSION = ubuntu
# environment
XMODIFIERS = @im=ibus
# makefile
CURDIR := /home/aekryz/workspace/spotify-backend
# makefile
SHELL = /bin/sh
# environment
VSCODE_NLS_CONFIG = {"locale":"en-us","availableLanguages":{},"_languagePackSupport":true}
# environment
_ = /usr/share/code/code
# environment
JOURNAL_STREAM = 8:77110
# environment
XDG_CONFIG_DIRS = /etc/xdg/xdg-ubuntu:/etc/xdg
# makefile (from 'makefile', line 1)
MAKEFILE_LIST :=  makefile
# environment
JAVA_HOME = /usr/lib/jvm/java-11-oracle
# automatic
@F = $(notdir $@)
# environment
GIO_LAUNCHED_DESKTOP_FILE = /usr/share/applications/code.desktop
# environment
USERNAME = aekryz
# environment
MAKELEVEL := 0
# environment
MANDATORY_PATH = /usr/share/gconf/ubuntu.mandatory.path
# environment
XDG_DATA_DIRS = /usr/share/ubuntu:/home/aekryz/.local/share/flatpak/exports/share:/var/lib/flatpak/exports/share:/usr/local/share/:/usr/share/:/var/lib/snapd/desktop
# environment
DBUS_SESSION_BUS_ADDRESS = unix:path=/run/user/1000/bus,guid=e5bc377bdcf37c2c9cffbb8f630478e7
# environment
VSCODE_VERBOSE_LOGGING = true
# environment
MANAGERPID = 2493
# environment
LESSOPEN = | /usr/bin/lesspipe %s
# environment
LC_NAME = en_US.UTF-8
# environment
VSCODE_CWD = /home/aekryz
# default
MAKE_HOST := x86_64-pc-linux-gnu
# environment
define PATH
/home/aekryz/.local/bin:/home/aekryz/.yarn/bin:/home/aekryz/.config/yarn/global/node_modules/.bin:/home/aekryz/.sdkman/candidates/gradle/current/bin:/opt/firefox/firefox:/opt/Flipper-linux/flipper:/home/aekryz/.nvm/versions/node/v14.17.3/bin:/home/aekryz/.local/bin:/usr/local/sbin:/usr/local/bin:/usr/sbin:/usr/bin:/sbin:/bin:/usr/games:/usr/local/games:/snap/bin:/usr/lib/jvm/java-11-oracle/bin:/usr/lib/jvm/java-11-oracle/db/bin:/usr/lib/jvm/java-11-oracle/bin:/usr/lib/jvm/java-11-oracle/db/bin:/home/aekryz/Android/Sdk/emulator:/home/aekryz/Android/Sdk/tools:/home/aekryz/Android/Sdk/tools/bin:/home/aekryz/Android/Sdk/platform-tools:/home/aekryz/Android/Sdk/cmdline-tools/latest/bin:/home/aekryz/Android/Sdk/tools:/home/aekryz/Android/Sdk/tools/bin:/home/aekryz/Android/Sdk/platform-tools::Usage Error: No project found in /home/aekryz

$ yarn run [--inspect] [--inspect-brk] [-T,--top-level] [-B,--binaries-only] <scriptName> ...
endef
# environment
GPG_AGENT_INFO = /run/user/1000/gnupg/S.gpg-agent:0:1
# environment
SESSION_MANAGER = local/aekryz-B450M-DS3H:@/tmp/.ICE-unix/2720,unix/aekryz-B450M-DS3H:/tmp/.ICE-unix/2720
# environment
XDG_RUNTIME_DIR = /run/user/1000
# environment
SDKMAN_DIR = /home/aekryz/.sdkman
# environment
SDKMAN_CANDIDATES_API = https://api.sdkman.io/2
# environment
NVM_BIN = /home/aekryz/.nvm/versions/node/v14.17.3/bin
# environment
XDG_MENU_PREFIX = gnome-
# environment
SDKMAN_PLATFORM = linuxx64
# environment
VSCODE_LOG_STACK = false
# environment
ELECTRON_RUN_AS_NODE = 1
# environment
INVOCATION_ID = 02ec9109a7a54c1a846a3f659740dc65
# environment
ANDROID_HOME = /home/aekryz/Android/Sdk
# default
.FEATURES := target-specific order-only second-expansion else-if shortest-stem undefine oneshell archives jobserver output-sync check-symlink load
# environment
LS_COLORS = 
# environment
XDG_SESSION_DESKTOP = ubuntu
# environment
SSH_AUTH_SOCK = /run/user/1000/keyring/ssh
# environment
GIO_LAUNCHED_DESKTOP_FILE_PID = 474333
# automatic
%F = $(notdir $%)
# environment
DISPLAY = :0
# environment
VSCODE_PIPE_LOGGING = true
# environment
PWD = /home/aekryz/workspace/spotify-backend
# environment
WEKAROOT = /home/weka
# default
.LOADED := 
# environment
SSH_AGENT_PID = 2681
# environment
ORIGINAL_XDG_CURRENT_DESKTOP = ubuntu:GNOME
# environment
GTK_MODULES = gail:atk-bridge
# environment
VSCODE_AMD_ENTRYPOINT = vs/workbench/api/node/extensionHostProcess
# environment
HOME = /home/aekryz
# environment
INSIDE_NAUTILUS_PYTHON = 
# environment
LESSCLOSE = /usr/bin/lesspipe %s %s
# environment
J2REDIR = /usr/lib/jvm/java-11-oracle
# environment
VSCODE_CODE_CACHE_PATH = /home/aekryz/.config/Code/CachedData/30d9c6cd9483b2cc586687151bcbcd635f373630
# environment
LOGNAME = aekryz
# environment
APPLICATION_INSIGHTS_NO_DIAGNOSTIC_CHANNEL = 1
# environment
NVM_CD_FLAGS = 
# automatic
+F = $(notdir $+)
# environment
J2SDKDIR = /usr/lib/jvm/java-11-oracle
# environment
VSCODE_HANDLES_UNCAUGHT_ERRORS = true
# environment
GNOME_DESKTOP_SESSION_ID = this-is-deprecated
# automatic
^D = $(patsubst %/,%,$(dir $^))
# environment
LC_TIME = en_US.UTF-8
# environment
SDKMAN_VERSION = 5.12.2
# default
MAKE = $(MAKE_COMMAND)
# default
MAKECMDGOALS := all
# environment
QT_IM_MODULE = ibus
# environment
SHLVL = 0
# environment
GNOME_SHELL_SESSION_MODE = ubuntu
# environment
VSCODE_IPC_HOOK_EXTHOST = /run/user/1000/vscode-ipc-446109cc-e46f-46b9-9c97-68bfd1539a91.sock
# default
MAKE_VERSION := 4.2.1
# environment
USER = aekryz
# environment
LC_MONETARY = en_US.UTF-8
# makefile
.DEFAULT_GOAL := build
# environment
XDG_CURRENT_DESKTOP = Unity
# environment
CLASSPATH = /home/weka/weka.jar:
# automatic
%D = $(patsubst %/,%,$(dir $%))
# environment
LC_TELEPHONE = en_US.UTF-8
# default
MAKE_COMMAND := make
# default
.VARIABLES := 
# automatic
*F = $(notdir $*)
# environment
VSCODE_IPC_HOOK = /run/user/1000/vscode-8af6d1a4-1.68.1-main.sock
# makefile
MAKEFLAGS = pqrR
# environment
MFLAGS = -pqrR
# automatic
*D = $(patsubst %/,%,$(dir $*))
# environment
NVM_DIR = /home/aekryz/.nvm
# automatic
+D = $(patsubst %/,%,$(dir $+))
# environment
GDK_BACKEND = x11
# environment
LC_PAPER = en_US.UTF-8
# environment
QT_ACCESSIBILITY = 1
# environment
DEFAULTS_PATH = /usr/share/gconf/ubuntu.default.path
# default
MAKEFILES := 
# environment
LC_NUMERIC = en_US.UTF-8
# automatic
<F = $(notdir $<)
# environment
LC_MEASUREMENT = en_US.UTF-8
# environment
SDKMAN_CANDIDATES_DIR = /home/aekryz/.sdkman/candidates
# environment
LC_ALL = C
# environment
DBUS_STARTER_BUS_TYPE = session
# automatic
^F = $(notdir $^)
# default
SUFFIXES := 
# environment
CHROME_DESKTOP = code-url-handler.desktop
# environment
WINDOWPATH = 2
# default
.INCLUDE_DIRS = /usr/include /usr/local/include /usr/include
# environment
LC_IDENTIFICATION = en_US.UTF-8
# environment
DERBY_HOME = /usr/lib/jvm/java-11-oracle/db
# default
.RECIPEPREFIX := 
# environment
LC_ADDRESS = en_US.UTF-8
# environment
LANG = C
# environment
VSCODE_PID = 474333
# environment
DBUS_STARTER_ADDRESS = unix:path=/run/user/1000/bus,guid=e5bc377bdcf37c2c9cffbb8f630478e7
# variable set hash-table stats:
# Load=127/1024=12%, Rehash=0, Collisions=18/152=12%

# Pattern-specific Variable Values

# No pattern-specific variable values.

# Directories

# . (device 2049, inode 17968179): 15 files, no impossibilities.

# 15 files, no impossibilities in 1 directories.

# Implicit Rules

# No implicit rules.

# Files

# Not a target:
all:
#  Command line target.
#  Implicit rule search has been done.
#  File does not exist.
#  File has not been updated.

# Not a target:
makefile:
#  Implicit rule search has been done.
 
#  Last modified 2022-08-23 14:35:03.422511
#  File has been updated.
#  Successfully updated.

build:
#  Implicit rule search has not been done.
#  Modification time never checked.
#  File has not been updated.
#  recipe to execute (from 'makefile', line 2):
	docker build -t spotify-api-server .

# Not a target:
.DEFAULT:
#  Implicit rule search has not been done.
#  Modification time never checked.
#  File has not been updated.

run:
#  Implicit rule search has not been done.
#  Modification time never checked.
#  File has not been updated.
#  recipe to execute (from 'makefile', line 5):
	docker run -i -d spotify-api-server

# files hash-table stats:
# Load=6/1024=1%, Rehash=0, Collisions=0/16=0%
# VPATH Search Paths

# No 'vpath' search paths.

# No general ('VPATH' variable) search path.

# strcache buffers: 1 (0) / strings = 22 / storage = 231 B / avg = 10 B
# current buf: size = 8162 B / used = 231 B / count = 22 / avg = 10 B

# strcache performance: lookups = 28 / hit rate = 21%
# hash-table stats:
# Load=22/8192=0%, Rehash=0, Collisions=1/28=4%
# Finished Make data base on Tue Aug 23 15:26:01 2022

 
